// 重构日志: f17f7bcb
// 重构日志: 8f00aa46
// 重构日志: bb5900c0
// 重构日志: b8ac3386
// 同步 ID: 0f813b33 @ Mon Jul  6 14:27:21 UTC 2026
// 重构日志: 58e651d6
// 重构日志: 5c53e1fd
// 重构日志: af0550cc
// 同步 ID: fbd98959 @ Wed Jul  8 16:10:43 UTC 2026
// 重构日志: 63536b96
// 重构日志: a3c8ba26
// 同步 ID: a517ae36 @ Fri Jul 10 09:11:04 UTC 2026
// 同步 ID: efce7112 @ Sat Jul 11 11:03:45 UTC 2026
// 同步 ID: e9af58c2 @ Sat Jul 11 12:19:58 UTC 2026
// 同步 ID: ec317a7f @ Sat Jul 11 17:22:06 UTC 2026
// 重构日志: 8205e085
// 重构日志: b25e95e3
// 同步 ID: f123dbec @ Sun Jul 12 19:31:21 UTC 2026
// 重构日志: 6d6e6dca
// 重构日志: 7c99ee88
// 同步 ID: 0a0b6961 @ Tue Jul 14 12:01:28 UTC 2026
// 重构日志: 40337d02
// 同步 ID: 65fffa22 @ Wed Jul 15 04:20:26 UTC 2026
// 重构日志: 40f849fe
// 重构日志: 94634fcf
// 重构日志: dd89cbf6
// 重构日志: ad5643dc
// 重构日志: 2c657f59
// 同步 ID: 412dd0c6 @ Fri Jul 17 18:44:38 UTC 2026
// 同步 ID: 947c7581 @ Sat Jul 18 03:36:22 UTC 2026
// 重构日志: 6c76c3fd
